<?xml version="1.0" encoding="UTF-8"?>
<coverage generated="1635985097460" clover="3.2.0">
  <project timestamp="1635985097460" name="All files">
    <metrics statements="44" coveredstatements="40" conditionals="13" coveredconditionals="10" methods="15" coveredmethods="12" elements="72" coveredelements="62" complexity="0" loc="44" ncloc="44" packages="1" files="3" classes="3"/>
    <file name="App.js" path="C:\Users\Joey\Desktop\CSE 183\assignment 5\src\App.js">
      <metrics statements="6" coveredstatements="5" conditionals="0" coveredconditionals="0" methods="3" coveredmethods="2"/>
      <line num="6" count="3" type="stmt"/>
      <line num="7" count="3" type="stmt"/>
      <line num="14" count="17" type="stmt"/>
      <line num="18" count="16" type="stmt"/>
      <line num="21" count="0" type="stmt"/>
      <line num="27" count="3" type="stmt"/>
    </file>
    <file name="Content.js" path="C:\Users\Joey\Desktop\CSE 183\assignment 5\src\Content.js">
      <metrics statements="15" coveredstatements="13" conditionals="6" coveredconditionals="4" methods="4" coveredmethods="2"/>
      <line num="11" count="3" type="stmt"/>
      <line num="12" count="16" type="stmt"/>
      <line num="69" count="26" type="stmt"/>
      <line num="70" count="25" type="stmt"/>
      <line num="71" count="25" type="stmt"/>
      <line num="72" count="25" type="stmt"/>
      <line num="73" count="25" type="stmt"/>
      <line num="74" count="25" type="stmt"/>
      <line num="75" count="25" type="stmt"/>
      <line num="76" count="25" type="stmt"/>
      <line num="77" count="0" type="stmt"/>
      <line num="79" count="25" type="cond" truecount="1" falsecount="1"/>
      <line num="80" count="0" type="stmt"/>
      <line num="81" count="25" type="stmt"/>
      <line num="93" count="25" type="stmt"/>
    </file>
    <file name="EmailList.js" path="C:\Users\Joey\Desktop\CSE 183\assignment 5\src\EmailList.js">
      <metrics statements="23" coveredstatements="22" conditionals="7" coveredconditionals="6" methods="8" coveredmethods="8"/>
      <line num="7" count="3" type="stmt"/>
      <line num="9" count="3" type="stmt"/>
      <line num="10" count="1612" type="stmt"/>
      <line num="11" count="1612" type="cond" truecount="3" falsecount="0"/>
      <line num="15" count="3" type="stmt"/>
      <line num="16" count="1612" type="stmt"/>
      <line num="17" count="1612" type="stmt"/>
      <line num="18" count="1612" type="stmt"/>
      <line num="19" count="1612" type="cond" truecount="2" falsecount="0"/>
      <line num="20" count="20" type="stmt"/>
      <line num="22" count="20" type="stmt"/>
      <line num="23" count="20" type="stmt"/>
      <line num="24" count="20" type="stmt"/>
      <line num="25" count="1592" type="cond" truecount="1" falsecount="1"/>
      <line num="26" count="1592" type="stmt"/>
      <line num="29" count="0" type="stmt"/>
      <line num="42" count="24" type="stmt"/>
      <line num="45" count="24" type="stmt"/>
      <line num="49" count="3144" type="stmt"/>
      <line num="51" count="7720" type="stmt"/>
      <line num="54" count="1612" type="stmt"/>
      <line num="57" count="2" type="stmt"/>
      <line num="58" count="2" type="stmt"/>
    </file>
  </project>
</coverage>
