<?xml version="1.0" encoding="UTF-8"?>
<coverage generated="1635935803004" clover="3.2.0">
  <project timestamp="1635935803004" name="All files">
    <metrics statements="86" coveredstatements="64" conditionals="20" coveredconditionals="14" methods="35" coveredmethods="23" elements="141" coveredelements="101" complexity="0" loc="86" ncloc="86" packages="2" files="11" classes="11"/>
    <package name="src">
      <metrics statements="66" coveredstatements="45" conditionals="18" coveredconditionals="13" methods="30" coveredmethods="18"/>
      <file name="App.js" path="C:\Users\Joey\Desktop\CSE 183\assignment 5\src\App.js">
        <metrics statements="6" coveredstatements="5" conditionals="0" coveredconditionals="0" methods="3" coveredmethods="2"/>
        <line num="6" count="3" type="stmt"/>
        <line num="7" count="3" type="stmt"/>
        <line num="14" count="10" type="stmt"/>
        <line num="18" count="10" type="stmt"/>
        <line num="21" count="0" type="stmt"/>
        <line num="27" count="3" type="stmt"/>
      </file>
      <file name="Content.js" path="C:\Users\Joey\Desktop\CSE 183\assignment 5\src\Content.js">
        <metrics statements="15" coveredstatements="13" conditionals="6" coveredconditionals="3" methods="4" coveredmethods="2"/>
        <line num="11" count="3" type="stmt"/>
        <line num="12" count="10" type="stmt"/>
        <line num="68" count="14" type="stmt"/>
        <line num="69" count="14" type="stmt"/>
        <line num="70" count="14" type="stmt"/>
        <line num="71" count="14" type="stmt"/>
        <line num="72" count="14" type="stmt"/>
        <line num="73" count="14" type="stmt"/>
        <line num="74" count="14" type="stmt"/>
        <line num="75" count="14" type="stmt"/>
        <line num="76" count="0" type="stmt"/>
        <line num="78" count="14" type="cond" truecount="1" falsecount="1"/>
        <line num="79" count="0" type="stmt"/>
        <line num="80" count="14" type="stmt"/>
        <line num="92" count="14" type="stmt"/>
      </file>
      <file name="DimensionProvider.js" path="C:\Users\Joey\Desktop\CSE 183\assignment 5\src\DimensionProvider.js">
        <metrics statements="13" coveredstatements="0" conditionals="0" coveredconditionals="0" methods="6" coveredmethods="0"/>
        <line num="2" count="0" type="stmt"/>
        <line num="4" count="0" type="stmt"/>
        <line num="9" count="0" type="stmt"/>
        <line num="10" count="0" type="stmt"/>
        <line num="11" count="0" type="stmt"/>
        <line num="12" count="0" type="stmt"/>
        <line num="13" count="0" type="stmt"/>
        <line num="15" count="0" type="stmt"/>
        <line num="16" count="0" type="stmt"/>
        <line num="17" count="0" type="stmt"/>
        <line num="20" count="0" type="stmt"/>
        <line num="29" count="0" type="stmt"/>
        <line num="30" count="0" type="stmt"/>
      </file>
      <file name="EmailList.js" path="C:\Users\Joey\Desktop\CSE 183\assignment 5\src\EmailList.js">
        <metrics statements="20" coveredstatements="17" conditionals="7" coveredconditionals="6" methods="8" coveredmethods="7"/>
        <line num="7" count="3" type="stmt"/>
        <line num="9" count="3" type="stmt"/>
        <line num="10" count="43" type="stmt"/>
        <line num="11" count="43" type="cond" truecount="3" falsecount="0"/>
        <line num="15" count="3" type="stmt"/>
        <line num="16" count="43" type="stmt"/>
        <line num="17" count="43" type="stmt"/>
        <line num="18" count="43" type="stmt"/>
        <line num="19" count="43" type="cond" truecount="2" falsecount="0"/>
        <line num="20" count="11" type="stmt"/>
        <line num="21" count="32" type="cond" truecount="1" falsecount="1"/>
        <line num="22" count="32" type="stmt"/>
        <line num="24" count="0" type="stmt"/>
        <line num="37" count="13" type="stmt"/>
        <line num="40" count="13" type="stmt"/>
        <line num="44" count="104" type="stmt"/>
        <line num="46" count="60" type="stmt"/>
        <line num="49" count="43" type="stmt"/>
        <line num="50" count="0" type="stmt"/>
        <line num="51" count="0" type="stmt"/>
      </file>
      <file name="MailViewer.js" path="C:\Users\Joey\Desktop\CSE 183\assignment 5\src\MailViewer.js">
        <metrics statements="2" coveredstatements="0" conditionals="0" coveredconditionals="0" methods="2" coveredmethods="0"/>
        <line num="9" count="0" type="stmt"/>
        <line num="12" count="0" type="stmt"/>
      </file>
      <file name="MailboxList.js" path="C:\Users\Joey\Desktop\CSE 183\assignment 5\src\MailboxList.js">
        <metrics statements="4" coveredstatements="4" conditionals="2" coveredconditionals="2" methods="4" coveredmethods="4"/>
        <line num="13" count="26" type="stmt"/>
        <line num="16" count="26" type="stmt"/>
        <line num="20" count="52" type="stmt"/>
        <line num="29" count="6" type="stmt"/>
      </file>
      <file name="ResponsiveLayout.js" path="C:\Users\Joey\Desktop\CSE 183\assignment 5\src\ResponsiveLayout.js">
        <metrics statements="3" coveredstatements="3" conditionals="3" coveredconditionals="2" methods="1" coveredmethods="1"/>
        <line num="3" count="3" type="cond" truecount="1" falsecount="0"/>
        <line num="5" count="10" type="stmt"/>
        <line num="6" count="10" type="cond" truecount="1" falsecount="1"/>
      </file>
      <file name="TitleBar.js" path="C:\Users\Joey\Desktop\CSE 183\assignment 5\src\TitleBar.js">
        <metrics statements="2" coveredstatements="2" conditionals="0" coveredconditionals="0" methods="2" coveredmethods="2"/>
        <line num="13" count="13" type="stmt"/>
        <line num="16" count="13" type="stmt"/>
      </file>
      <file name="mailContext.js" path="C:\Users\Joey\Desktop\CSE 183\assignment 5\src\mailContext.js">
        <metrics statements="1" coveredstatements="1" conditionals="0" coveredconditionals="0" methods="0" coveredmethods="0"/>
        <line num="30" count="3" type="stmt"/>
      </file>
      <file name="useStyles.js" path="C:\Users\Joey\Desktop\CSE 183\assignment 5\src\useStyles.js">
        <metrics statements="0" coveredstatements="0" conditionals="0" coveredconditionals="0" methods="0" coveredmethods="0"/>
      </file>
    </package>
    <package name="src.data">
      <metrics statements="20" coveredstatements="19" conditionals="2" coveredconditionals="1" methods="5" coveredmethods="5"/>
      <file name="loader.js" path="C:\Users\Joey\Desktop\CSE 183\assignment 5\src\data\loader.js">
        <metrics statements="20" coveredstatements="19" conditionals="2" coveredconditionals="1" methods="5" coveredmethods="5"/>
        <line num="8" count="9" type="stmt"/>
        <line num="15" count="3" type="stmt"/>
        <line num="16" count="3" type="stmt"/>
        <line num="17" count="3" type="stmt"/>
        <line num="18" count="3" type="stmt"/>
        <line num="25" count="3" type="stmt"/>
        <line num="26" count="3" type="stmt"/>
        <line num="27" count="3" type="stmt"/>
        <line num="28" count="3" type="stmt"/>
        <line num="35" count="3" type="stmt"/>
        <line num="36" count="3" type="stmt"/>
        <line num="37" count="3" type="stmt"/>
        <line num="40" count="3" type="stmt"/>
        <line num="46" count="3" type="cond" truecount="1" falsecount="1"/>
        <line num="47" count="0" type="stmt"/>
        <line num="49" count="3" type="stmt"/>
        <line num="51" count="3" type="stmt"/>
        <line num="53" count="3" type="stmt"/>
        <line num="62" count="3" type="stmt"/>
        <line num="71" count="3" type="stmt"/>
      </file>
    </package>
  </project>
</coverage>
