{"C:\\Users\\Joey\\Desktop\\CSE 183\\assignment 5\\src\\App.js": {"path":"C:\\Users\\Joey\\Desktop\\CSE 183\\assignment 5\\src\\App.js","statementMap":{"0":{"start":{"line":12,"column":20},"end":{"line":12,"column":23}},"1":{"start":{"line":13,"column":18},"end":{"line":46,"column":3}},"2":{"start":{"line":13,"column":41},"end":{"line":46,"column":1}},"3":{"start":{"line":53,"column":19},"end":{"line":53,"column":24}},"4":{"start":{"line":54,"column":18},"end":{"line":54,"column":29}},"5":{"start":{"line":55,"column":16},"end":{"line":55,"column":26}},"6":{"start":{"line":56,"column":38},"end":{"line":56,"column":53}},"7":{"start":{"line":57,"column":32},"end":{"line":57,"column":49}},"8":{"start":{"line":58,"column":29},"end":{"line":60,"column":3}},"9":{"start":{"line":59,"column":4},"end":{"line":59,"column":31}},"10":{"start":{"line":61,"column":20},"end":{"line":62,"column":38}},"11":{"start":{"line":62,"column":4},"end":{"line":62,"column":26}},"12":{"start":{"line":63,"column":14},"end":{"line":70,"column":3}},"13":{"start":{"line":72,"column":2},"end":{"line":114,"column":4}},"14":{"start":{"line":116,"column":0},"end":{"line":122,"column":2}}},"fnMap":{"0":{"name":"(anonymous_0)","decl":{"start":{"line":13,"column":29},"end":{"line":13,"column":30}},"loc":{"start":{"line":13,"column":41},"end":{"line":46,"column":1}},"line":13},"1":{"name":"App","decl":{"start":{"line":52,"column":9},"end":{"line":52,"column":12}},"loc":{"start":{"line":52,"column":20},"end":{"line":115,"column":1}},"line":52},"2":{"name":"(anonymous_2)","decl":{"start":{"line":58,"column":29},"end":{"line":58,"column":30}},"loc":{"start":{"line":58,"column":35},"end":{"line":60,"column":3}},"line":58},"3":{"name":"(anonymous_3)","decl":{"start":{"line":61,"column":43},"end":{"line":61,"column":44}},"loc":{"start":{"line":62,"column":4},"end":{"line":62,"column":26}},"line":62}},"branchMap":{"0":{"loc":{"start":{"line":61,"column":20},"end":{"line":62,"column":38}},"type":"cond-expr","locations":[{"start":{"line":61,"column":43},"end":{"line":62,"column":26}},{"start":{"line":62,"column":29},"end":{"line":62,"column":38}}],"line":61},"1":{"loc":{"start":{"line":84,"column":22},"end":{"line":84,"column":66}},"type":"cond-expr","locations":[{"start":{"line":84,"column":50},"end":{"line":84,"column":57}},{"start":{"line":84,"column":60},"end":{"line":84,"column":66}}],"line":84}},"s":{"0":3,"1":3,"2":19,"3":28,"4":27,"5":27,"6":27,"7":27,"8":27,"9":0,"10":27,"11":0,"12":27,"13":27,"14":3},"f":{"0":19,"1":28,"2":0,"3":0},"b":{"0":[0,27],"1":[0,27]},"_coverageSchema":"1a1c01bbd47fc00a2c39e90264f33305004495a9","hash":"2a5715bce1de9ec74854e5fccc7119584d4b5908"}
,"C:\\Users\\Joey\\Desktop\\CSE 183\\assignment 5\\src\\EmailList.js": {"path":"C:\\Users\\Joey\\Desktop\\CSE 183\\assignment 5\\src\\EmailList.js","statementMap":{"0":{"start":{"line":5,"column":0},"end":{"line":5,"column":9}},"1":{"start":{"line":16,"column":2},"end":{"line":34,"column":4}},"2":{"start":{"line":19,"column":8},"end":{"line":31,"column":16}},"3":{"start":{"line":21,"column":38},"end":{"line":21,"column":77}},"4":{"start":{"line":23,"column":16},"end":{"line":28,"column":21}}},"fnMap":{"0":{"name":"EmailList","decl":{"start":{"line":15,"column":9},"end":{"line":15,"column":18}},"loc":{"start":{"line":15,"column":21},"end":{"line":35,"column":1}},"line":15},"1":{"name":"(anonymous_1)","decl":{"start":{"line":18,"column":7},"end":{"line":18,"column":8}},"loc":{"start":{"line":19,"column":8},"end":{"line":31,"column":16}},"line":19},"2":{"name":"(anonymous_2)","decl":{"start":{"line":21,"column":27},"end":{"line":21,"column":28}},"loc":{"start":{"line":21,"column":38},"end":{"line":21,"column":77}},"line":21},"3":{"name":"(anonymous_3)","decl":{"start":{"line":22,"column":19},"end":{"line":22,"column":20}},"loc":{"start":{"line":23,"column":16},"end":{"line":28,"column":21}},"line":23}},"branchMap":{},"s":{"0":3,"1":28,"2":35,"3":2505,"4":1292},"f":{"0":28,"1":35,"2":2505,"3":1292},"b":{},"_coverageSchema":"1a1c01bbd47fc00a2c39e90264f33305004495a9","hash":"86ff39be34726ac75edba8d62e14a8bbfcd6f68d"}
,"C:\\Users\\Joey\\Desktop\\CSE 183\\assignment 5\\src\\MailboxList.js": {"path":"C:\\Users\\Joey\\Desktop\\CSE 183\\assignment 5\\src\\MailboxList.js","statementMap":{"0":{"start":{"line":13,"column":2},"end":{"line":37,"column":4}},"1":{"start":{"line":16,"column":8},"end":{"line":34,"column":14}},"2":{"start":{"line":20,"column":14},"end":{"line":31,"column":25}},"3":{"start":{"line":29,"column":18},"end":{"line":29,"column":49}}},"fnMap":{"0":{"name":"MailboxList","decl":{"start":{"line":12,"column":9},"end":{"line":12,"column":20}},"loc":{"start":{"line":12,"column":23},"end":{"line":38,"column":1}},"line":12},"1":{"name":"(anonymous_1)","decl":{"start":{"line":15,"column":7},"end":{"line":15,"column":8}},"loc":{"start":{"line":16,"column":8},"end":{"line":34,"column":14}},"line":16},"2":{"name":"(anonymous_2)","decl":{"start":{"line":19,"column":36},"end":{"line":19,"column":37}},"loc":{"start":{"line":20,"column":14},"end":{"line":31,"column":25}},"line":20},"3":{"name":"(anonymous_3)","decl":{"start":{"line":28,"column":54},"end":{"line":28,"column":55}},"loc":{"start":{"line":28,"column":61},"end":{"line":30,"column":17}},"line":28}},"branchMap":{"0":{"loc":{"start":{"line":22,"column":19},"end":{"line":26,"column":19}},"type":"cond-expr","locations":[{"start":{"line":23,"column":20},"end":{"line":23,"column":32}},{"start":{"line":25,"column":20},"end":{"line":25,"column":31}}],"line":22}},"s":{"0":54,"1":54,"2":108,"3":8},"f":{"0":54,"1":54,"2":108,"3":8},"b":{"0":[54,54]},"_coverageSchema":"1a1c01bbd47fc00a2c39e90264f33305004495a9","hash":"e5100b8ebf8fb17492c65334edd579c3bc448a6e"}
,"C:\\Users\\Joey\\Desktop\\CSE 183\\assignment 5\\src\\TitleBar.js": {"path":"C:\\Users\\Joey\\Desktop\\CSE 183\\assignment 5\\src\\TitleBar.js","statementMap":{"0":{"start":{"line":13,"column":2},"end":{"line":37,"column":4}},"1":{"start":{"line":16,"column":8},"end":{"line":34,"column":17}}},"fnMap":{"0":{"name":"TitleBar","decl":{"start":{"line":12,"column":9},"end":{"line":12,"column":17}},"loc":{"start":{"line":12,"column":20},"end":{"line":38,"column":1}},"line":12},"1":{"name":"(anonymous_1)","decl":{"start":{"line":15,"column":7},"end":{"line":15,"column":8}},"loc":{"start":{"line":16,"column":8},"end":{"line":34,"column":17}},"line":16}},"branchMap":{},"s":{"0":27,"1":27},"f":{"0":27,"1":27},"b":{},"_coverageSchema":"1a1c01bbd47fc00a2c39e90264f33305004495a9","hash":"fd2eb2d3a477a0b683d94bec0760a65c01c024b0"}
,"C:\\Users\\Joey\\Desktop\\CSE 183\\assignment 5\\src\\mailContext.js": {"path":"C:\\Users\\Joey\\Desktop\\CSE 183\\assignment 5\\src\\mailContext.js","statementMap":{"0":{"start":{"line":30,"column":20},"end":{"line":30,"column":41}}},"fnMap":{},"branchMap":{},"s":{"0":3},"f":{},"b":{},"_coverageSchema":"1a1c01bbd47fc00a2c39e90264f33305004495a9","hash":"81994152e48350d42eff6819f9c0c8df979bee00"}
,"C:\\Users\\Joey\\Desktop\\CSE 183\\assignment 5\\src\\useStyles.js": {"path":"C:\\Users\\Joey\\Desktop\\CSE 183\\assignment 5\\src\\useStyles.js","statementMap":{},"fnMap":{},"branchMap":{},"s":{},"f":{},"b":{}}
,"C:\\Users\\Joey\\Desktop\\CSE 183\\assignment 5\\src\\data\\loader.js": {"path":"C:\\Users\\Joey\\Desktop\\CSE 183\\assignment 5\\src\\data\\loader.js","statementMap":{"0":{"start":{"line":8,"column":2},"end":{"line":8,"column":57}},"1":{"start":{"line":15,"column":15},"end":{"line":15,"column":25}},"2":{"start":{"line":16,"column":2},"end":{"line":16,"column":19}},"3":{"start":{"line":17,"column":2},"end":{"line":17,"column":22}},"4":{"start":{"line":18,"column":2},"end":{"line":18,"column":14}},"5":{"start":{"line":25,"column":15},"end":{"line":25,"column":25}},"6":{"start":{"line":26,"column":2},"end":{"line":26,"column":35}},"7":{"start":{"line":27,"column":2},"end":{"line":27,"column":33}},"8":{"start":{"line":28,"column":2},"end":{"line":28,"column":24}},"9":{"start":{"line":35,"column":15},"end":{"line":35,"column":25}},"10":{"start":{"line":36,"column":2},"end":{"line":36,"column":33}},"11":{"start":{"line":37,"column":2},"end":{"line":37,"column":24}},"12":{"start":{"line":40,"column":13},"end":{"line":40,"column":18}},"13":{"start":{"line":46,"column":2},"end":{"line":48,"column":3}},"14":{"start":{"line":47,"column":4},"end":{"line":47,"column":11}},"15":{"start":{"line":49,"column":2},"end":{"line":49,"column":16}},"16":{"start":{"line":51,"column":11},"end":{"line":51,"column":26}},"17":{"start":{"line":53,"column":2},"end":{"line":60,"column":5}},"18":{"start":{"line":62,"column":2},"end":{"line":69,"column":5}},"19":{"start":{"line":71,"column":2},"end":{"line":78,"column":5}}},"fnMap":{"0":{"name":"trimSeconds","decl":{"start":{"line":7,"column":9},"end":{"line":7,"column":20}},"loc":{"start":{"line":7,"column":27},"end":{"line":9,"column":1}},"line":7},"1":{"name":"halfPastNineToday","decl":{"start":{"line":14,"column":9},"end":{"line":14,"column":26}},"loc":{"start":{"line":14,"column":29},"end":{"line":19,"column":1}},"line":14},"2":{"name":"lastMonth","decl":{"start":{"line":24,"column":9},"end":{"line":24,"column":18}},"loc":{"start":{"line":24,"column":21},"end":{"line":29,"column":1}},"line":24},"3":{"name":"lastWeek","decl":{"start":{"line":34,"column":9},"end":{"line":34,"column":17}},"loc":{"start":{"line":34,"column":20},"end":{"line":38,"column":1}},"line":34},"4":{"name":"loader","decl":{"start":{"line":45,"column":9},"end":{"line":45,"column":15}},"loc":{"start":{"line":45,"column":18},"end":{"line":79,"column":1}},"line":45}},"branchMap":{"0":{"loc":{"start":{"line":46,"column":2},"end":{"line":48,"column":3}},"type":"if","locations":[{"start":{"line":46,"column":2},"end":{"line":48,"column":3}},{"start":{},"end":{}}],"line":46}},"s":{"0":9,"1":3,"2":3,"3":3,"4":3,"5":3,"6":3,"7":3,"8":3,"9":3,"10":3,"11":3,"12":3,"13":3,"14":0,"15":3,"16":3,"17":3,"18":3,"19":3},"f":{"0":9,"1":3,"2":3,"3":3,"4":3},"b":{"0":[0,3]},"_coverageSchema":"1a1c01bbd47fc00a2c39e90264f33305004495a9","hash":"61b3cc00e58297f67ab93e9287671bba39dbbe44"}
}
