{"C:\\Users\\Joey\\Desktop\\CSE 183\\assignment 5\\src\\App.js": {"path":"C:\\Users\\Joey\\Desktop\\CSE 183\\assignment 5\\src\\App.js","statementMap":{"0":{"start":{"line":6,"column":22},"end":{"line":6,"column":31}},"1":{"start":{"line":7,"column":21},"end":{"line":7,"column":29}},"2":{"start":{"line":14,"column":2},"end":{"line":24,"column":4}},"3":{"start":{"line":18,"column":8},"end":{"line":18,"column":42}},"4":{"start":{"line":21,"column":8},"end":{"line":21,"column":41}},"5":{"start":{"line":27,"column":0},"end":{"line":33,"column":2}}},"fnMap":{"0":{"name":"App","decl":{"start":{"line":13,"column":9},"end":{"line":13,"column":12}},"loc":{"start":{"line":13,"column":15},"end":{"line":25,"column":1}},"line":13},"1":{"name":"(anonymous_1)","decl":{"start":{"line":16,"column":21},"end":{"line":16,"column":22}},"loc":{"start":{"line":18,"column":8},"end":{"line":18,"column":42}},"line":18},"2":{"name":"(anonymous_2)","decl":{"start":{"line":20,"column":20},"end":{"line":20,"column":21}},"loc":{"start":{"line":21,"column":8},"end":{"line":21,"column":41}},"line":21}},"branchMap":{},"s":{"0":3,"1":3,"2":10,"3":10,"4":0,"5":3},"f":{"0":10,"1":10,"2":0},"b":{},"_coverageSchema":"1a1c01bbd47fc00a2c39e90264f33305004495a9","hash":"28cd4172c236f2a697003947e949d1ae7e98714d"}
,"C:\\Users\\Joey\\Desktop\\CSE 183\\assignment 5\\src\\Content.js": {"path":"C:\\Users\\Joey\\Desktop\\CSE 183\\assignment 5\\src\\Content.js","statementMap":{"0":{"start":{"line":11,"column":20},"end":{"line":11,"column":23}},"1":{"start":{"line":12,"column":18},"end":{"line":61,"column":3}},"2":{"start":{"line":12,"column":41},"end":{"line":61,"column":1}},"3":{"start":{"line":68,"column":19},"end":{"line":68,"column":24}},"4":{"start":{"line":69,"column":18},"end":{"line":69,"column":29}},"5":{"start":{"line":70,"column":16},"end":{"line":70,"column":26}},"6":{"start":{"line":71,"column":38},"end":{"line":71,"column":53}},"7":{"start":{"line":72,"column":38},"end":{"line":72,"column":53}},"8":{"start":{"line":73,"column":42},"end":{"line":73,"column":52}},"9":{"start":{"line":74,"column":32},"end":{"line":74,"column":49}},"10":{"start":{"line":75,"column":29},"end":{"line":77,"column":3}},"11":{"start":{"line":76,"column":4},"end":{"line":76,"column":31}},"12":{"start":{"line":78,"column":20},"end":{"line":79,"column":38}},"13":{"start":{"line":79,"column":4},"end":{"line":79,"column":26}},"14":{"start":{"line":80,"column":14},"end":{"line":91,"column":3}},"15":{"start":{"line":92,"column":2},"end":{"line":132,"column":4}}},"fnMap":{"0":{"name":"(anonymous_0)","decl":{"start":{"line":12,"column":29},"end":{"line":12,"column":30}},"loc":{"start":{"line":12,"column":41},"end":{"line":61,"column":1}},"line":12},"1":{"name":"Content","decl":{"start":{"line":67,"column":9},"end":{"line":67,"column":16}},"loc":{"start":{"line":67,"column":24},"end":{"line":133,"column":1}},"line":67},"2":{"name":"(anonymous_2)","decl":{"start":{"line":75,"column":29},"end":{"line":75,"column":30}},"loc":{"start":{"line":75,"column":35},"end":{"line":77,"column":3}},"line":75},"3":{"name":"(anonymous_3)","decl":{"start":{"line":78,"column":43},"end":{"line":78,"column":44}},"loc":{"start":{"line":79,"column":4},"end":{"line":79,"column":26}},"line":79}},"branchMap":{"0":{"loc":{"start":{"line":78,"column":20},"end":{"line":79,"column":38}},"type":"cond-expr","locations":[{"start":{"line":78,"column":43},"end":{"line":79,"column":26}},{"start":{"line":79,"column":29},"end":{"line":79,"column":38}}],"line":78},"1":{"loc":{"start":{"line":103,"column":20},"end":{"line":103,"column":64}},"type":"cond-expr","locations":[{"start":{"line":103,"column":48},"end":{"line":103,"column":55}},{"start":{"line":103,"column":58},"end":{"line":103,"column":64}}],"line":103},"2":{"loc":{"start":{"line":128,"column":11},"end":{"line":128,"column":46}},"type":"cond-expr","locations":[{"start":{"line":128,"column":26},"end":{"line":128,"column":39}},{"start":{"line":128,"column":42},"end":{"line":128,"column":46}}],"line":128}},"s":{"0":3,"1":3,"2":10,"3":14,"4":14,"5":14,"6":14,"7":14,"8":14,"9":14,"10":14,"11":0,"12":14,"13":0,"14":14,"15":14},"f":{"0":10,"1":14,"2":0,"3":0},"b":{"0":[0,14],"1":[0,14],"2":[0,14]},"_coverageSchema":"1a1c01bbd47fc00a2c39e90264f33305004495a9","hash":"417a900c694f7705ec0470bc601e6cda1535d7d6"}
,"C:\\Users\\Joey\\Desktop\\CSE 183\\assignment 5\\src\\DimensionProvider.js": {"path":"C:\\Users\\Joey\\Desktop\\CSE 183\\assignment 5\\src\\DimensionProvider.js","statementMap":{"0":{"start":{"line":2,"column":26},"end":{"line":2,"column":41}},"1":{"start":{"line":4,"column":16},"end":{"line":7,"column":2}},"2":{"start":{"line":4,"column":23},"end":{"line":7,"column":1}},"3":{"start":{"line":9,"column":27},"end":{"line":25,"column":1}},"4":{"start":{"line":10,"column":38},"end":{"line":10,"column":55}},"5":{"start":{"line":11,"column":2},"end":{"line":19,"column":9}},"6":{"start":{"line":12,"column":25},"end":{"line":14,"column":5}},"7":{"start":{"line":13,"column":6},"end":{"line":13,"column":29}},"8":{"start":{"line":15,"column":4},"end":{"line":15,"column":52}},"9":{"start":{"line":16,"column":4},"end":{"line":18,"column":6}},"10":{"start":{"line":17,"column":6},"end":{"line":17,"column":57}},"11":{"start":{"line":20,"column":2},"end":{"line":24,"column":4}},"12":{"start":{"line":29,"column":29},"end":{"line":31,"column":1}},"13":{"start":{"line":30,"column":2},"end":{"line":30,"column":39}}},"fnMap":{"0":{"name":"(anonymous_0)","decl":{"start":{"line":4,"column":16},"end":{"line":4,"column":17}},"loc":{"start":{"line":4,"column":23},"end":{"line":7,"column":1}},"line":4},"1":{"name":"(anonymous_1)","decl":{"start":{"line":9,"column":27},"end":{"line":9,"column":28}},"loc":{"start":{"line":9,"column":43},"end":{"line":25,"column":1}},"line":9},"2":{"name":"(anonymous_2)","decl":{"start":{"line":11,"column":12},"end":{"line":11,"column":13}},"loc":{"start":{"line":11,"column":18},"end":{"line":19,"column":3}},"line":11},"3":{"name":"(anonymous_3)","decl":{"start":{"line":12,"column":25},"end":{"line":12,"column":26}},"loc":{"start":{"line":12,"column":31},"end":{"line":14,"column":5}},"line":12},"4":{"name":"(anonymous_4)","decl":{"start":{"line":16,"column":11},"end":{"line":16,"column":12}},"loc":{"start":{"line":16,"column":17},"end":{"line":18,"column":5}},"line":16},"5":{"name":"(anonymous_5)","decl":{"start":{"line":29,"column":29},"end":{"line":29,"column":30}},"loc":{"start":{"line":29,"column":35},"end":{"line":31,"column":1}},"line":29}},"branchMap":{},"s":{"0":0,"1":0,"2":0,"3":0,"4":0,"5":0,"6":0,"7":0,"8":0,"9":0,"10":0,"11":0,"12":0,"13":0},"f":{"0":0,"1":0,"2":0,"3":0,"4":0,"5":0},"b":{}}
,"C:\\Users\\Joey\\Desktop\\CSE 183\\assignment 5\\src\\EmailList.js": {"path":"C:\\Users\\Joey\\Desktop\\CSE 183\\assignment 5\\src\\EmailList.js","statementMap":{"0":{"start":{"line":7,"column":0},"end":{"line":7,"column":9}},"1":{"start":{"line":9,"column":16},"end":{"line":14,"column":1}},"2":{"start":{"line":10,"column":16},"end":{"line":10,"column":26}},"3":{"start":{"line":11,"column":2},"end":{"line":13,"column":49}},"4":{"start":{"line":15,"column":22},"end":{"line":26,"column":1}},"5":{"start":{"line":16,"column":12},"end":{"line":16,"column":26}},"6":{"start":{"line":17,"column":17},"end":{"line":17,"column":27}},"7":{"start":{"line":18,"column":2},"end":{"line":18,"column":23}},"8":{"start":{"line":19,"column":2},"end":{"line":25,"column":3}},"9":{"start":{"line":20,"column":4},"end":{"line":20,"column":47}},"10":{"start":{"line":21,"column":9},"end":{"line":25,"column":3}},"11":{"start":{"line":22,"column":4},"end":{"line":22,"column":77}},"12":{"start":{"line":24,"column":4},"end":{"line":24,"column":32}},"13":{"start":{"line":37,"column":2},"end":{"line":65,"column":4}},"14":{"start":{"line":40,"column":8},"end":{"line":60,"column":25}},"15":{"start":{"line":44,"column":16},"end":{"line":44,"column":55}},"16":{"start":{"line":46,"column":18},"end":{"line":46,"column":69}},"17":{"start":{"line":49,"column":16},"end":{"line":56,"column":21}},"18":{"start":{"line":50,"column":18},"end":{"line":50,"column":41}},"19":{"start":{"line":50,"column":42},"end":{"line":50,"column":62}},"20":{"start":{"line":51,"column":18},"end":{"line":51,"column":41}}},"fnMap":{"0":{"name":"(anonymous_0)","decl":{"start":{"line":9,"column":16},"end":{"line":9,"column":17}},"loc":{"start":{"line":9,"column":26},"end":{"line":14,"column":1}},"line":9},"1":{"name":"(anonymous_1)","decl":{"start":{"line":15,"column":22},"end":{"line":15,"column":23}},"loc":{"start":{"line":15,"column":32},"end":{"line":26,"column":1}},"line":15},"2":{"name":"EmailList","decl":{"start":{"line":36,"column":9},"end":{"line":36,"column":18}},"loc":{"start":{"line":36,"column":21},"end":{"line":66,"column":1}},"line":36},"3":{"name":"(anonymous_3)","decl":{"start":{"line":39,"column":7},"end":{"line":39,"column":8}},"loc":{"start":{"line":40,"column":8},"end":{"line":60,"column":25}},"line":40},"4":{"name":"(anonymous_4)","decl":{"start":{"line":43,"column":29},"end":{"line":43,"column":30}},"loc":{"start":{"line":44,"column":16},"end":{"line":44,"column":55}},"line":44},"5":{"name":"(anonymous_5)","decl":{"start":{"line":45,"column":16},"end":{"line":45,"column":17}},"loc":{"start":{"line":45,"column":31},"end":{"line":47,"column":17}},"line":45},"6":{"name":"(anonymous_6)","decl":{"start":{"line":48,"column":20},"end":{"line":48,"column":21}},"loc":{"start":{"line":49,"column":16},"end":{"line":56,"column":21}},"line":49},"7":{"name":"(anonymous_7)","decl":{"start":{"line":49,"column":44},"end":{"line":49,"column":45}},"loc":{"start":{"line":49,"column":50},"end":{"line":52,"column":17}},"line":49}},"branchMap":{"0":{"loc":{"start":{"line":11,"column":9},"end":{"line":13,"column":48}},"type":"binary-expr","locations":[{"start":{"line":11,"column":9},"end":{"line":11,"column":43}},{"start":{"line":12,"column":6},"end":{"line":12,"column":42}},{"start":{"line":13,"column":6},"end":{"line":13,"column":48}}],"line":11},"1":{"loc":{"start":{"line":19,"column":2},"end":{"line":25,"column":3}},"type":"if","locations":[{"start":{"line":19,"column":2},"end":{"line":25,"column":3}},{"start":{"line":21,"column":9},"end":{"line":25,"column":3}}],"line":19},"2":{"loc":{"start":{"line":21,"column":9},"end":{"line":25,"column":3}},"type":"if","locations":[{"start":{"line":21,"column":9},"end":{"line":25,"column":3}},{"start":{"line":23,"column":9},"end":{"line":25,"column":3}}],"line":21}},"s":{"0":3,"1":3,"2":43,"3":43,"4":3,"5":43,"6":43,"7":43,"8":43,"9":11,"10":32,"11":32,"12":0,"13":13,"14":13,"15":104,"16":60,"17":43,"18":0,"19":0,"20":0},"f":{"0":43,"1":43,"2":13,"3":13,"4":104,"5":60,"6":43,"7":0},"b":{"0":[43,11,11],"1":[11,32],"2":[32,0]},"_coverageSchema":"1a1c01bbd47fc00a2c39e90264f33305004495a9","hash":"647039d226f0d3a0f2de6cefcdd94d4234e2fac0"}
,"C:\\Users\\Joey\\Desktop\\CSE 183\\assignment 5\\src\\MailViewer.js": {"path":"C:\\Users\\Joey\\Desktop\\CSE 183\\assignment 5\\src\\MailViewer.js","statementMap":{"0":{"start":{"line":9,"column":2},"end":{"line":24,"column":4}},"1":{"start":{"line":12,"column":8},"end":{"line":21,"column":16}}},"fnMap":{"0":{"name":"MailViewer","decl":{"start":{"line":8,"column":9},"end":{"line":8,"column":19}},"loc":{"start":{"line":8,"column":22},"end":{"line":25,"column":1}},"line":8},"1":{"name":"(anonymous_1)","decl":{"start":{"line":11,"column":7},"end":{"line":11,"column":8}},"loc":{"start":{"line":12,"column":8},"end":{"line":21,"column":16}},"line":12}},"branchMap":{},"s":{"0":0,"1":0},"f":{"0":0,"1":0},"b":{},"_coverageSchema":"1a1c01bbd47fc00a2c39e90264f33305004495a9","hash":"a5486c417dd18545a053b32d735e3d13531f4890"}
,"C:\\Users\\Joey\\Desktop\\CSE 183\\assignment 5\\src\\MailboxList.js": {"path":"C:\\Users\\Joey\\Desktop\\CSE 183\\assignment 5\\src\\MailboxList.js","statementMap":{"0":{"start":{"line":13,"column":2},"end":{"line":37,"column":4}},"1":{"start":{"line":16,"column":8},"end":{"line":34,"column":14}},"2":{"start":{"line":20,"column":14},"end":{"line":31,"column":25}},"3":{"start":{"line":29,"column":18},"end":{"line":29,"column":49}}},"fnMap":{"0":{"name":"MailboxList","decl":{"start":{"line":12,"column":9},"end":{"line":12,"column":20}},"loc":{"start":{"line":12,"column":23},"end":{"line":38,"column":1}},"line":12},"1":{"name":"(anonymous_1)","decl":{"start":{"line":15,"column":7},"end":{"line":15,"column":8}},"loc":{"start":{"line":16,"column":8},"end":{"line":34,"column":14}},"line":16},"2":{"name":"(anonymous_2)","decl":{"start":{"line":19,"column":36},"end":{"line":19,"column":37}},"loc":{"start":{"line":20,"column":14},"end":{"line":31,"column":25}},"line":20},"3":{"name":"(anonymous_3)","decl":{"start":{"line":28,"column":54},"end":{"line":28,"column":55}},"loc":{"start":{"line":28,"column":61},"end":{"line":30,"column":17}},"line":28}},"branchMap":{"0":{"loc":{"start":{"line":22,"column":19},"end":{"line":26,"column":19}},"type":"cond-expr","locations":[{"start":{"line":23,"column":20},"end":{"line":23,"column":32}},{"start":{"line":25,"column":20},"end":{"line":25,"column":31}}],"line":22}},"s":{"0":26,"1":26,"2":52,"3":6},"f":{"0":26,"1":26,"2":52,"3":6},"b":{"0":[26,26]},"_coverageSchema":"1a1c01bbd47fc00a2c39e90264f33305004495a9","hash":"e5100b8ebf8fb17492c65334edd579c3bc448a6e"}
,"C:\\Users\\Joey\\Desktop\\CSE 183\\assignment 5\\src\\ResponsiveLayout.js": {"path":"C:\\Users\\Joey\\Desktop\\CSE 183\\assignment 5\\src\\ResponsiveLayout.js","statementMap":{"0":{"start":{"line":3,"column":25},"end":{"line":7,"column":1}},"1":{"start":{"line":5,"column":16},"end":{"line":5,"column":19}},"2":{"start":{"line":6,"column":2},"end":{"line":6,"column":63}}},"fnMap":{"0":{"name":"(anonymous_0)","decl":{"start":{"line":3,"column":25},"end":{"line":3,"column":26}},"loc":{"start":{"line":3,"column":78},"end":{"line":7,"column":1}},"line":3}},"branchMap":{"0":{"loc":{"start":{"line":3,"column":27},"end":{"line":3,"column":43}},"type":"default-arg","locations":[{"start":{"line":3,"column":40},"end":{"line":3,"column":43}}],"line":3},"1":{"loc":{"start":{"line":6,"column":9},"end":{"line":6,"column":62}},"type":"cond-expr","locations":[{"start":{"line":6,"column":30},"end":{"line":6,"column":45}},{"start":{"line":6,"column":48},"end":{"line":6,"column":62}}],"line":6}},"s":{"0":3,"1":10,"2":10},"f":{"0":10},"b":{"0":[10],"1":[10,0]},"_coverageSchema":"1a1c01bbd47fc00a2c39e90264f33305004495a9","hash":"6bce703a479ef2ee58fbb08d2338f134978ab756"}
,"C:\\Users\\Joey\\Desktop\\CSE 183\\assignment 5\\src\\TitleBar.js": {"path":"C:\\Users\\Joey\\Desktop\\CSE 183\\assignment 5\\src\\TitleBar.js","statementMap":{"0":{"start":{"line":13,"column":2},"end":{"line":37,"column":4}},"1":{"start":{"line":16,"column":8},"end":{"line":34,"column":17}}},"fnMap":{"0":{"name":"TitleBar","decl":{"start":{"line":12,"column":9},"end":{"line":12,"column":17}},"loc":{"start":{"line":12,"column":20},"end":{"line":38,"column":1}},"line":12},"1":{"name":"(anonymous_1)","decl":{"start":{"line":15,"column":7},"end":{"line":15,"column":8}},"loc":{"start":{"line":16,"column":8},"end":{"line":34,"column":17}},"line":16}},"branchMap":{},"s":{"0":13,"1":13},"f":{"0":13,"1":13},"b":{},"_coverageSchema":"1a1c01bbd47fc00a2c39e90264f33305004495a9","hash":"fd2eb2d3a477a0b683d94bec0760a65c01c024b0"}
,"C:\\Users\\Joey\\Desktop\\CSE 183\\assignment 5\\src\\mailContext.js": {"path":"C:\\Users\\Joey\\Desktop\\CSE 183\\assignment 5\\src\\mailContext.js","statementMap":{"0":{"start":{"line":30,"column":20},"end":{"line":30,"column":41}}},"fnMap":{},"branchMap":{},"s":{"0":3},"f":{},"b":{},"_coverageSchema":"1a1c01bbd47fc00a2c39e90264f33305004495a9","hash":"81994152e48350d42eff6819f9c0c8df979bee00"}
,"C:\\Users\\Joey\\Desktop\\CSE 183\\assignment 5\\src\\useStyles.js": {"path":"C:\\Users\\Joey\\Desktop\\CSE 183\\assignment 5\\src\\useStyles.js","statementMap":{},"fnMap":{},"branchMap":{},"s":{},"f":{},"b":{}}
,"C:\\Users\\Joey\\Desktop\\CSE 183\\assignment 5\\src\\data\\loader.js": {"path":"C:\\Users\\Joey\\Desktop\\CSE 183\\assignment 5\\src\\data\\loader.js","statementMap":{"0":{"start":{"line":8,"column":2},"end":{"line":8,"column":57}},"1":{"start":{"line":15,"column":15},"end":{"line":15,"column":25}},"2":{"start":{"line":16,"column":2},"end":{"line":16,"column":19}},"3":{"start":{"line":17,"column":2},"end":{"line":17,"column":22}},"4":{"start":{"line":18,"column":2},"end":{"line":18,"column":14}},"5":{"start":{"line":25,"column":15},"end":{"line":25,"column":25}},"6":{"start":{"line":26,"column":2},"end":{"line":26,"column":35}},"7":{"start":{"line":27,"column":2},"end":{"line":27,"column":33}},"8":{"start":{"line":28,"column":2},"end":{"line":28,"column":24}},"9":{"start":{"line":35,"column":15},"end":{"line":35,"column":25}},"10":{"start":{"line":36,"column":2},"end":{"line":36,"column":33}},"11":{"start":{"line":37,"column":2},"end":{"line":37,"column":24}},"12":{"start":{"line":40,"column":13},"end":{"line":40,"column":18}},"13":{"start":{"line":46,"column":2},"end":{"line":48,"column":3}},"14":{"start":{"line":47,"column":4},"end":{"line":47,"column":11}},"15":{"start":{"line":49,"column":2},"end":{"line":49,"column":16}},"16":{"start":{"line":51,"column":11},"end":{"line":51,"column":26}},"17":{"start":{"line":53,"column":2},"end":{"line":60,"column":5}},"18":{"start":{"line":62,"column":2},"end":{"line":69,"column":5}},"19":{"start":{"line":71,"column":2},"end":{"line":78,"column":5}}},"fnMap":{"0":{"name":"trimSeconds","decl":{"start":{"line":7,"column":9},"end":{"line":7,"column":20}},"loc":{"start":{"line":7,"column":27},"end":{"line":9,"column":1}},"line":7},"1":{"name":"halfPastNineToday","decl":{"start":{"line":14,"column":9},"end":{"line":14,"column":26}},"loc":{"start":{"line":14,"column":29},"end":{"line":19,"column":1}},"line":14},"2":{"name":"lastMonth","decl":{"start":{"line":24,"column":9},"end":{"line":24,"column":18}},"loc":{"start":{"line":24,"column":21},"end":{"line":29,"column":1}},"line":24},"3":{"name":"lastWeek","decl":{"start":{"line":34,"column":9},"end":{"line":34,"column":17}},"loc":{"start":{"line":34,"column":20},"end":{"line":38,"column":1}},"line":34},"4":{"name":"loader","decl":{"start":{"line":45,"column":9},"end":{"line":45,"column":15}},"loc":{"start":{"line":45,"column":18},"end":{"line":79,"column":1}},"line":45}},"branchMap":{"0":{"loc":{"start":{"line":46,"column":2},"end":{"line":48,"column":3}},"type":"if","locations":[{"start":{"line":46,"column":2},"end":{"line":48,"column":3}},{"start":{},"end":{}}],"line":46}},"s":{"0":9,"1":3,"2":3,"3":3,"4":3,"5":3,"6":3,"7":3,"8":3,"9":3,"10":3,"11":3,"12":3,"13":3,"14":0,"15":3,"16":3,"17":3,"18":3,"19":3},"f":{"0":9,"1":3,"2":3,"3":3,"4":3},"b":{"0":[0,3]},"_coverageSchema":"1a1c01bbd47fc00a2c39e90264f33305004495a9","hash":"61b3cc00e58297f67ab93e9287671bba39dbbe44"}
}
