TN:
SF:src\App.js
FN:13,(anonymous_0)
FN:52,App
FN:58,(anonymous_2)
FN:61,(anonymous_3)
FNF:4
FNH:2
FNDA:19,(anonymous_0)
FNDA:28,App
FNDA:0,(anonymous_2)
FNDA:0,(anonymous_3)
DA:12,3
DA:13,19
DA:53,28
DA:54,27
DA:55,27
DA:56,27
DA:57,27
DA:58,27
DA:59,0
DA:61,27
DA:62,0
DA:63,27
DA:72,27
DA:116,3
LF:14
LH:12
BRDA:61,0,0,0
BRDA:61,0,1,27
BRDA:84,1,0,0
BRDA:84,1,1,27
BRF:4
BRH:2
end_of_record
TN:
SF:src\EmailList.js
FN:15,EmailList
FN:18,(anonymous_1)
FN:21,(anonymous_2)
FN:22,(anonymous_3)
FNF:4
FNH:4
FNDA:28,EmailList
FNDA:35,(anonymous_1)
FNDA:2505,(anonymous_2)
FNDA:1292,(anonymous_3)
DA:5,3
DA:16,28
DA:19,35
DA:21,2505
DA:23,1292
LF:5
LH:5
BRF:0
BRH:0
end_of_record
TN:
SF:src\MailboxList.js
FN:12,MailboxList
FN:15,(anonymous_1)
FN:19,(anonymous_2)
FN:28,(anonymous_3)
FNF:4
FNH:4
FNDA:54,MailboxList
FNDA:54,(anonymous_1)
FNDA:108,(anonymous_2)
FNDA:8,(anonymous_3)
DA:13,54
DA:16,54
DA:20,108
DA:29,8
LF:4
LH:4
BRDA:22,0,0,54
BRDA:22,0,1,54
BRF:2
BRH:2
end_of_record
TN:
SF:src\TitleBar.js
FN:12,TitleBar
FN:15,(anonymous_1)
FNF:2
FNH:2
FNDA:27,TitleBar
FNDA:27,(anonymous_1)
DA:13,27
DA:16,27
LF:2
LH:2
BRF:0
BRH:0
end_of_record
TN:
SF:src\mailContext.js
FNF:0
FNH:0
DA:30,3
LF:1
LH:1
BRF:0
BRH:0
end_of_record
TN:
SF:src\useStyles.js
FNF:0
FNH:0
LF:0
LH:0
BRF:0
BRH:0
end_of_record
TN:
SF:src\data\loader.js
FN:7,trimSeconds
FN:14,halfPastNineToday
FN:24,lastMonth
FN:34,lastWeek
FN:45,loader
FNF:5
FNH:5
FNDA:9,trimSeconds
FNDA:3,halfPastNineToday
FNDA:3,lastMonth
FNDA:3,lastWeek
FNDA:3,loader
DA:8,9
DA:15,3
DA:16,3
DA:17,3
DA:18,3
DA:25,3
DA:26,3
DA:27,3
DA:28,3
DA:35,3
DA:36,3
DA:37,3
DA:40,3
DA:46,3
DA:47,0
DA:49,3
DA:51,3
DA:53,3
DA:62,3
DA:71,3
LF:20
LH:19
BRDA:46,0,0,0
BRDA:46,0,1,3
BRF:2
BRH:1
end_of_record
