TN:
SF:src\Content.js
FN:13,(anonymous_0)
FN:69,Content
FN:79,(anonymous_2)
FNF:3
FNH:3
FNDA:19,(anonymous_0)
FNDA:39,Content
FNDA:3,(anonymous_2)
DA:12,3
DA:13,19
DA:72,39
DA:73,39
DA:74,39
DA:75,39
DA:76,39
DA:77,39
DA:78,39
DA:79,39
DA:80,3
DA:84,39
DA:98,39
LF:13
LH:13
BRDA:132,0,0,3
BRDA:132,0,1,36
BRF:2
BRH:2
end_of_record
TN:
SF:src\EmailList.js
FN:10,(anonymous_0)
FN:16,(anonymous_1)
FN:39,EmailList
FN:42,(anonymous_3)
FN:46,(anonymous_4)
FN:48,(anonymous_5)
FN:51,(anonymous_6)
FN:54,(anonymous_7)
FNF:8
FNH:8
FNDA:2554,(anonymous_0)
FNDA:2554,(anonymous_1)
FNDA:38,EmailList
FNDA:38,(anonymous_3)
FNDA:4978,(anonymous_4)
FNDA:12236,(anonymous_5)
FNDA:2554,(anonymous_6)
FNDA:3,(anonymous_7)
DA:7,3
DA:8,3
DA:10,3
DA:11,2554
DA:12,2554
DA:16,3
DA:17,2554
DA:18,2554
DA:19,2554
DA:20,2554
DA:21,32
DA:23,32
DA:24,32
DA:26,2522
DA:40,38
DA:43,38
DA:47,4978
DA:49,12236
DA:52,2554
DA:55,3
DA:56,3
LF:21
LH:21
BRDA:12,0,0,2554
BRDA:12,0,1,126
BRDA:12,0,2,38
BRDA:20,1,0,32
BRDA:20,1,1,2522
BRF:5
BRH:5
end_of_record
TN:
SF:src\ResponsiveLayout.js
FN:2,(anonymous_0)
FNF:1
FNH:1
FNDA:23,(anonymous_0)
DA:2,3
DA:3,23
DA:4,23
LF:3
LH:3
BRDA:2,0,0,23
BRDA:4,1,0,16
BRDA:4,1,1,7
BRF:3
BRH:3
end_of_record
TN:
SF:src\TitleBar.js
FN:12,TitleBar
FN:15,(anonymous_1)
FN:25,(anonymous_2)
FNF:3
FNH:3
FNDA:38,TitleBar
FNDA:38,(anonymous_1)
FNDA:3,(anonymous_2)
DA:13,38
DA:16,38
DA:26,3
LF:3
LH:3
BRF:0
BRH:0
end_of_record
